1616030537869	geckodriver	INFO	Listening on 127.0.0.1:52790
1616030540925	mozrunner::runner	INFO	Running command: "C:\\Program Files\\Mozilla Firefox\\firefox.exe" "--marionette" "-foreground" "-no-remote" "-profile" "C:\\Users\\Chris\\AppData\\Local\\Temp\\rust_mozprofilewYFSyx"
console.warn: SearchSettings: "get: No settings file exists, new profile?" (new Error("", "(unknown module)"))
1616030543455	Marionette	INFO	Listening on port 52798
1616030543656	Marionette	WARN	TLS certificate errors will be ignored for this session
1616030560523	Marionette	INFO	Stopped listening on port 52798

###!!! [Child][RunMessage] Error: Channel closing: too late to send/recv, messages will be lost

1616030568956	geckodriver	INFO	Listening on 127.0.0.1:52868
1616030571961	mozrunner::runner	INFO	Running command: "C:\\Program Files\\Mozilla Firefox\\firefox.exe" "--marionette" "-foreground" "-no-remote" "-profile" "C:\\Users\\Chris\\AppData\\Local\\Temp\\rust_mozprofile5TRU7Q"
console.warn: SearchSettings: "get: No settings file exists, new profile?" (new Error("", "(unknown module)"))
1616030574335	Marionette	INFO	Listening on port 52876
1616030574654	Marionette	WARN	TLS certificate errors will be ignored for this session
1616030622590	Marionette	INFO	Stopped listening on port 52876

###!!! [Child][RunMessage] Error: Channel closing: too late to send/recv, messages will be lost

1616030637538	geckodriver	INFO	Listening on 127.0.0.1:52953
1616030640545	mozrunner::runner	INFO	Running command: "C:\\Program Files\\Mozilla Firefox\\firefox.exe" "--marionette" "-foreground" "-no-remote" "-profile" "C:\\Users\\Chris\\AppData\\Local\\Temp\\rust_mozprofileUcCh9d"
console.warn: SearchSettings: "get: No settings file exists, new profile?" (new Error("", "(unknown module)"))
1616030642868	Marionette	INFO	Listening on port 52961
1616030643217	Marionette	WARN	TLS certificate errors will be ignored for this session
1616030645476	Marionette	INFO	Stopped listening on port 52961

###!!! [Child][RunMessage] Error: Channel closing: too late to send/recv, messages will be lost

1616030652663	geckodriver	INFO	Listening on 127.0.0.1:53017
1616030655710	mozrunner::runner	INFO	Running command: "C:\\Program Files\\Mozilla Firefox\\firefox.exe" "--marionette" "-foreground" "-no-remote" "-profile" "C:\\Users\\Chris\\AppData\\Local\\Temp\\rust_mozprofilexyLuKn"
console.warn: SearchSettings: "get: No settings file exists, new profile?" (new Error("", "(unknown module)"))
1616030657951	Marionette	INFO	Listening on port 53025
1616030658354	Marionette	WARN	TLS certificate errors will be ignored for this session
1616030672339	Marionette	INFO	Stopped listening on port 53025

###!!! [Child][RunMessage] Error: Channel closing: too late to send/recv, messages will be lost

1616030735197	geckodriver	INFO	Listening on 127.0.0.1:53115
1616030738255	mozrunner::runner	INFO	Running command: "C:\\Program Files\\Mozilla Firefox\\firefox.exe" "--marionette" " - incognito" "-foreground" "-no-remote" "-profile" "C:\\Users\\Chris\\AppData\\Local\\Temp\\rust_mozprofile5NN2xI"
console.warn: SearchSettings: "get: No settings file exists, new profile?" (new Error("", "(unknown module)"))
1616030740590	Marionette	INFO	Listening on port 53123
1616030740921	Marionette	WARN	TLS certificate errors will be ignored for this session
JavaScript error: resource://activity-stream/lib/ASRouter.jsm, line 988: NS_ERROR_ILLEGAL_VALUE: Component returned failure code: 0x80070057 (NS_ERROR_ILLEGAL_VALUE) [nsIObserverService.removeObserver]
JavaScript error: resource:///modules/UrlbarProviderSearchTips.jsm, line 382: TypeError: window is null
1616030741932	Marionette	INFO	Stopped listening on port 53123
1616030749968	geckodriver	INFO	Listening on 127.0.0.1:53172
1616030753015	mozrunner::runner	INFO	Running command: "C:\\Program Files\\Mozilla Firefox\\firefox.exe" "--marionette" " - incognito" "-foreground" "-no-remote" "-profile" "C:\\Users\\Chris\\AppData\\Local\\Temp\\rust_mozprofilet4c63D"
console.warn: SearchSettings: "get: No settings file exists, new profile?" (new Error("", "(unknown module)"))
1616030755643	Marionette	INFO	Listening on port 53180
1616030755689	Marionette	WARN	TLS certificate errors will be ignored for this session
1616030761375	Marionette	INFO	Stopped listening on port 53180

###!!! [Child][RunMessage] Error: Channel closing: too late to send/recv, messages will be lost

1616030918966	geckodriver	INFO	Listening on 127.0.0.1:53296
1616030922017	mozrunner::runner	INFO	Running command: "C:\\Program Files\\Mozilla Firefox\\firefox.exe" "--marionette" "-foreground" "-no-remote" "-profile" "C:\\Users\\Chris\\AppData\\Local\\Temp\\rust_mozprofilels3uL9"
console.warn: SearchSettings: "get: No settings file exists, new profile?" (new Error("", "(unknown module)"))
1616030924283	Marionette	INFO	Listening on port 53304
1616030924698	Marionette	WARN	TLS certificate errors will be ignored for this session
1616030980093	Marionette	INFO	Stopped listening on port 53304

###!!! [Child][RunMessage] Error: Channel closing: too late to send/recv, messages will be lost

1616031001463	geckodriver	INFO	Listening on 127.0.0.1:53396
1616031004484	mozrunner::runner	INFO	Running command: "C:\\Program Files\\Mozilla Firefox\\firefox.exe" "--marionette" "-foreground" "-no-remote" "-profile" "C:\\Users\\Chris\\AppData\\Local\\Temp\\rust_mozprofileostAtS"
console.warn: SearchSettings: "get: No settings file exists, new profile?" (new Error("", "(unknown module)"))
1616031006912	Marionette	INFO	Listening on port 53404
1616031007162	Marionette	WARN	TLS certificate errors will be ignored for this session
1616032582802	Marionette	INFO	Stopped listening on port 53404

###!!! [Child][RunMessage] Error: Channel closing: too late to send/recv, messages will be lost

"--marionette" "-private" "-foreground" "-no-remote" "-profile" "C:\\Users\\Chris\\AppData\\Local\\Temp\\rust_mozprofileyOGrAr"
console.warn: SearchSettings: "get: No settings file exists, new profile?" (new Error("", "(unknown module)"))
JavaScript error: resource://gre/modules/XULStore.jsm, line 66: Error: Can't find profile directory.
1616031021305	Marionette	INFO	Listening on port 53470
1616031021536	Marionette	WARN	TLS certificate errors will be ignored for this session
1616031072330	Marionette	INFO	Stopped listening on port 53470

###!!! [Child][RunMessage] Error: Channel closing: too late to send/recv, messages will be lost

1616032091235	geckodriver	INFO	Listening on 127.0.0.1:53727
1616032094273	mozrunner::runner	INFO	Running command: "C:\\Program Files\\Mozilla Firefox\\firefox.exe" "--marionette" "-foreground" "-no-remote" "-profile" "C:\\Users\\Chris\\AppData\\Local\\Temp\\rust_mozprofileiSMGh8"
console.warn: SearchSettings: "get: No settings file exists, new profile?" (new Error("", "(unknown module)"))
1616032096614	Marionette	INFO	Listening on port 53735
1616032096953	Marionette	WARN	TLS certificate errors will be ignored for this session
1616032123490	Marionette	INFO	Stopped listening on port 53735

###!!! [Child][RunMessage] Error: Channel closing: too late to send/recv, messages will be lost

"--marionette" "-private" "-foreground" "-no-remote" "-profile" "C:\\Users\\Chris\\AppData\\Local\\Temp\\rust_mozprofilegGmxy1"
console.warn: SearchSettings: "get: No settings file exists, new profile?" (new Error("", "(unknown module)"))
JavaScript error: resource://gre/modules/XULStore.jsm, line 66: Error: Can't find profile directory.
1616032102268	Marionette	INFO	Listening on port 53800
1616032102654	Marionette	WARN	TLS certificate errors will be ignored for this session
1616032118359	Marionette	INFO	Stopped listening on port 53800

###!!! [Child][RunMessage] Error: Channel closing: too late to send/recv, messages will be lost

1616032202176	geckodriver	INFO	Listening on 127.0.0.1:53887
1616032205236	mozrunner::runner	INFO	Running command: "C:\\Program Files\\Mozilla Firefox\\firefox.exe" "--marionette" "-foreground" "-no-remote" "-profile" "C:\\Users\\Chris\\AppData\\Local\\Temp\\rust_mozprofilerNBgjS"
console.warn: SearchSettings: "get: No settings file exists, new profile?" (new Error("", "(unknown module)"))
1616032207622	Marionette	INFO	Listening on port 53895
1616032207942	Marionette	WARN	TLS certificate errors will be ignored for this session
1616032209785	Marionette	INFO	Stopped listening on port 53891616032210994	mozrunner::runner	INFO	Running command: "C:\\Program Files\\Mozilla Firefox\\firefox.exe" "--marionette" "-private" "-foreground" "-no-remote" "-profile" "C:\\Users\\Chris\\AppData\\Local\\Temp\\rust_mozprofilex0rDMB"
console.warn: SearchSettings: "get: No settings file exists, new profile?" (new Error("", "(unknown module)"))
JavaScript error: resource://gre/modules/XULStore.jsm, line 66: Error: Can't find profile directory.
1616032213459	Marionette	INFO	Listening on port 53945
1616032213662	Marionette	WARN	TLS certificate errors will be ignored for this session
JavaScript error: resource://activity-stream/lib/ASRouter.jsm, line 988: NS_ERROR_ILLEGAL_VALUE: Component returned failure code: 0x80070057 (NS_ERROR_ILLEGAL_VALUE) [nsIObserverService.removeObserver]
console.warn: services.settings: main/partitioning-exempt-urls sync interrupted by shutdown
1616032214374	Marionette	INFO	Stopped listening on port 53945

###!!! [Child][RunMessage] Error: Channel closing: too late to send/recv, messages will be lost

1616032220737	geckodriver	INFO	Listening on 127.0.0.1:53991
1616032223781	mozrunner::runner	INFO	Running command: "C:\\Program Files\\Mozilla Firefox\\firefox.exe" "--marionette" "-foreground" "-no-remote" "-profile" "C:\\Users\\Chris\\AppData\\Local\\Temp\\rust_mozprofilekmpZoE"
console.warn: SearchSettings: "get: No settings file exists, new profile?" (new Error("", "(unknown module)"))
1616032226038	Marionette	INFO	Listening on port 53999
1616032226459	Marionette	WARN	TLS certificate errors will be ignored for this session
JavaScript error: resource://gre/modules/Prompter.jsm, line 1185: NS_ERROR_NOT_AVAILABLE: prompt aborted by user
1616032243043	Marionette	INFO	Stopped listening on port 53999

###!!! [Child][RunMessage] Error: Channel closing: too late to send/recv, messages will be lost

rofileNOriSM"
console.warn: SearchSettings: "get: No settings file exists, new profile?" (new Error("", "(unknown module)"))
JavaScript error: resource://gre/modules/XULStore.jsm, line 66: Error: Can't find profile directory.
1616032231820	Marionette	INFO	Listening on port 54056
1616032232172	Marionette	WARN	TLS certificate errors will be ignored for this session
1616032241178	Marionette	INFO	Stopped listening on port 54056

###!!! [Child][RunMessage] Error: Channel closing: too late to send/recv, messages will be lost

1616032276179	geckodriver	INFO	Listening on 127.0.0.1:54133
1616032279212	mozrunner::runner	INFO	Running command: "C:\\Program Files\\Mozilla Firefox\\firefox.exe" "--marionette" "-foreground" "-no-remote" "-profile" "C:\\Users\\Chris\\AppData\\Local\\Temp\\rust_mozprofilecQoQE3"
console.warn: SearchSettings: "get: No settings file exists, new profile?" (new Error("", "(unknown module)"))
1616032281601	Marionette	INFO	Listening on port 54141
1616032281888	Marionette	WARN	TLS certificate errors will be ignored for this session
JavaScript error: resource://gre/modules/Prompter.jsm, line 1185: NS_ERROR_NOT_AVAILABLE: prompt aborted by user
1616032295459	Marionette	INFO	Stopped listening on port 54141

###!!! [Child][RunMessage] Error: Channel closing: too late to send/recv, messages will be lost

rofileR8EPUh"
console.warn: SearchSettings: "get: No settings file exists, new profile?" (new Error("", "(unknown module)"))
JavaScript error: resource://gre/modules/XULStore.jsm, line 66: Error: Can't find profile directory.
1616032287217	Marionette	INFO	Listening on port 54195
1616032287610	Marionette	WARN	TLS certificate errors will be ignored for this session
1616032300532	Marionette	INFO	Stopped listening on port 54195

###!!! [Child][RunMessage] Error: Channel closing: too late to send/recv, messages will be lost

1616032492342	geckodriver	INFO	Listening on 127.0.0.1:54275
1616032495386	mozrunner::runner	INFO	Running command: "C:\\Program Files\\Mozilla Firefox\\firefox.exe" "--marionette" "-foreground" "-no-remote" "-profile" "C:\\Users\\Chris\\AppData\\Local\\Temp\\rust_mozprofile99i66e"
console.warn: SearchSettings: "get: No settings file exists, new profile?" (new Error("", "(unknown module)"))
1616032497943	Marionette	INFO	Listening on port 54283
1616032498039	Marionette	WARN	TLS certificate errors will be ignored for this session
1616032513464	Marionette	INFO	Stopped listening on port 54283

###!!! [Child][RunMessage] Error: Channel closing: too late to send/recv, messages will be lost

"--marionette" "-private" "-foreground" "-no-remote" "-profile" "C:\\Users\\Chris\\AppData\\Local\\Temp\\rust_mozprofileG9ZMKV"
console.warn: SearchSettings: "get: No settings file exists, new profile?" (new Error("", "(unknown module)"))
JavaScript error: resource://gre/modules/XULStore.jsm, line 66: Error: Can't find profile directory.
1616032503403	Marionette	INFO	Listening on port 54338
1616032503765	Marionette	WARN	TLS certificate errors will be ignored for this session
1616032514850	Marionette	INFO	Stopped listening on port 54338

###!!! [Child][RunMessage] Error: Channel closing: too late to send/recv, messages will be lost

1616032567872	geckodriver	INFO	Listening on 127.0.0.1:54399
1616032570909	mozrunner::runner	INFO	Running command: "C:\\Program Files\\Mozilla Firefox\\firefox.exe" "--marionette" "-foreground" "-no-remote" "-profile" "C:\\Users\\Chris\\AppData\\Local\\Temp\\rust_mozprofile18jhF7"
console.warn: SearchSettings: "get: No settings file exists, new profile?" (new Error("", "(unknown module)"))
1616032573221	Marionette	INFO	Listening on port 54407
1616032573587	Marionette	WARN	TLS certificate errors will be ignored for this session
1616032588158	Marionette	INFO	Stopped listening on port 54407

###!!! [Child][RunMessage] Error: Channel closing: too late to send/recv, messages will be lost

1616098260053	geckodriver	INFO	Listening on 127.0.0.1:54724
1616098263113	mozrunner::runner	INFO	Running command: "C:\\Program Files\\Mozilla Firefox\\firefox.exe" "--marionette" "-private" "-foreground" "-no-remote" "-profile" "C:\\Users\\Chris\\AppData\\Local\\Temp\\rust_mozprofilef7Nhwp"
console.warn: SearchSettings: "get: No settings file exists, new profile?" (new Error("", "(unknown module)"))
JavaScript error: resource://gre/modules/XULStore.jsm, line 66: Error: Can't find profile directory.
1616098266701	Marionette	INFO	Listening on port 54732
1616098266820	Marionette	WARN	TLS certificate errors will be ignored for this session
1616098272198	Marionette	INFO	Stopped listening on port 54732

###!!! [Child][RunMessage] Error: Channel closing: too late to send/recv, messages will be lost

1616098995003	geckodriver	INFO	Listening on 127.0.0.1:54880
1616098998053	mozrunner::runner	INFO	Running command: "C:\\Program Files\\Mozilla Firefox\\firefox.exe" "--marionette" "-private" "-foreground" "-no-remote" "-profile" "C:\\Users\\Chris\\AppData\\Local\\Temp\\rust_mozprofileHEI5Yq"
console.warn: SearchSettings: "get: No settings file exists, new profile?" (new Error("", "(unknown module)"))
JavaScript error: resource://gre/modules/XULStore.jsm, line 66: Error: Can't find profile directory.
1616099001784	Marionette	INFO	Listening on port 54888
1616099002288	Marionette	WARN	TLS certificate errors will be ignored for this session
JavaScript error: , line 0: NotFoundError: No such JSWindowActor 'MarionetteEvents'
JavaScript error: , line 0: NotFoundError: No such JSWindowActor 'MarionetteEvents'
JavaScript error: , line 0: uncaught exception: undefined
1616099043818	Marionette	INFO	Stopped listening on port 54881616099045773	mozrunner::runner	INFO	Running command: "C:\\Program Files\\Mozilla Firefox\\firefox.exe" "--marionette" "-private" "-foreground" "-no-remote" "-profile" "C:\\Users\\Chris\\AppData\\Local\\Temp\\rust_mozprofiley3I2AH"
console.warn: SearchSettings: "get: No settings file exists, new profile?" (new Error("", "(unknown module)"))
JavaScript error: resource://gre/modules/XULStore.jsm, line 66: Error: Can't find profile directory.
1616099049271	Marionette	INFO	Listening on port 55007
1616099049599	Marionette	WARN	TLS certificate errors will be ignored for this session
1616099053921	Marionette	WARN	Ignoring event 'DOMContentLoaded' because document has an invalid readyState of 'complete'.
JavaScript error: https://widget.freshworks.com/widgetBase/widget.js, line 1: Error: Loading chunk 1 failed.
(error: https://widget.freshworks.com/widgetBase/1.8bd0d39ed40ee0109589.widget.js)
JavaScript error: https://widget.freshworks.com/widgetBase/widget.js, line 1: Error: Loading chunk 0 failed.
(error: https://widget.freshworks.com/widgetBase/0.96c1c69b8724e56254b8.widget.js)
1616099055079	Marionette	WARN	Ignoring event 'pageshow' because document has an invalid readyState of 'uninitialized'.
JavaScript error: , line 0: uncaught exception: undefined
JavaScript warning: https://quantcast.mgr.consensu.org/tcfv2/cmp2.js?referer=www.pro-football-reference.com, line 1: Script terminated by timeout at:
n.r@https://quantcast.mgr.consensu.org/tcfv2/cmp2.js?referer=www.pro-football-reference.com:1:321
@https://quantcast.mgr.consensu.org/tcfv2/cmp2.js?referer=www.pro-football-reference.com:1:119120
n@https://quantcast.mgr.consensu.org/tcfv2/cmp2.js?referer=www.pro-football-reference.com:1:110
@https://quantcast.mgr.consensu.org/tcfv2/cmp2.js?referer=www.pro-football-reference.com:1:119065
n@https://quantcast.mgr.consensu.org/tcfv2/cmp2.js?referer=www.pro-football-reference.com:1:110
@https://quantcast.mgr.consensu.org/tcfv2/cmp2.js?referer=www.pro-football-reference.com:1:905
@https://quantcast.mgr.consensu.org/tcfv2/cmp2.js?referer=www.pro-football-reference.com:1:916

1616099077476	Marionette	INFO	Stopped listening on port 55007

###!!! [Child][RunMessage] Error: Channel closing: too late to send/recv, messages will be lost

1616099108544	geckodriver	INFO	Listening on 127.0.0.1:55133
1616099111585	mozrunner::runner	INFO	Running command: "C:\\Program Files\\Mozilla Firefox\\firefox.exe" "--marionette" "-private" "-foreground" "-no-remote" "-profile" "C:\\Users\\Chris\\AppData\\Local\\Temp\\rust_mozprofileyqditR"
console.warn: SearchSettings: "get: No settings file exists, new profile?" (new Error("", "(unknown module)"))
JavaScript error: resource://gre/modules/XULStore.jsm, line 66: Error: Can't find profile directory.
1616099115005	Marionette	INFO	Listening on port 55141
1616099115329	Marionette	WARN	TLS certificate errors will be ignored for this session
JavaScript error: https://widget.freshworks.com/widgetBase/widget.js, line 1: Error: Loading chunk 8 failed.
(error: https://widget.freshworks.com/widgetBase/8.391e72735dac0c934b81.widget.js)
JavaScript error: https://widget.freshworks.com/widgetBase/widget.js, line 1: Error: Loading chunk 16 failed.
(error: https://widget.freshworks.com/widgetBase/16.7514a03efa63da04b832.widget.js)
1616099120954	Marionette	WARN	Ignoring event 'pageshow' because document has an invalid readyState of 'uninitialized'.
JavaScript error: , line 0: uncaught exception: undefined
1616099481487	Marionette	INFO	Stopped listening on port 55141
6099356803	mozrunner::runner	INFO	Running command: "C:\\Program Files\\Mozilla Firefox\\firefox.exe" "--marionette" "-private" "-foreground" "-no-remote" "-profile" "C:\\Users\\Chris\\AppData\\Local\\Temp\\rust_mozprofileyVSpOk"
console.warn: SearchSettings: "get: No settings file exists, new profile?" (new Error("", "(unknown module)"))
JavaScript error: resource://gre/modules/XULStore.jsm, line 66: Error: Can't find profile directory.
1616099360368	Marionette	INFO	Listening on port 55293
1616099360485	Marionette	WARN	TLS certificate errors will be ignored for this session
1616099364250	Marionette	WARN	Ignoring event 'pageshow' because document has an invalid readyState of 'uninitialized'.
JavaScript error: , line 0: uncaught exception: undefined
1616099386615	Marionette	INFO	Stopped listening on port 55293

###!!! [Child][RunMessage] Error: Channel closing: too late to send/recv, messages will be lost

"--marionette" "-private" "-foreground" "-no-remote" "-profile" "C:\\Users\\Chris\\AppData\\Local\\Temp\\rust_mozprofilej5uUmv"
console.warn: SearchSettings: "get: No settings file exists, new profile?" (new Error("", "(unknown module)"))
JavaScript error: resource://gre/modules/XULStore.jsm, line 66: Error: Can't find profile directory.
1616099387902	Marionette	INFO	Listening on port 55406
1616099388392	Marionette	WARN	TLS certificate errors will be ignored for this session
1616099391650	Marionette	WARN	Ignoring event 'DOMContentLoaded' because document has an invalid readyState of 'complete'.
JavaScript error: https://widget.freshworks.com/widgetBase/widget.js, line 1: Error: Loading chunk 8 failed.
(error: https://widget.freshworks.com/widgetBase/8.391e72735dac0c934b81.widget.js)
JavaScript error: https://widget.freshworks.com/widgetBase/widget.js, line 1: Error: Loading chunk 10 failed.
(error: https://widget.freshworks.com/widgetBase/10.2e5460d4c197a23f9b8f.widget.js)
JavaScript error: , line 0: uncaught exception: undefined
1616099484247	Marionette	INFO	Stopped listening on port 55406
1616099663884	geckodriver	INFO	Listening on 127.0.0.1:55569
1616099666942	mozrunner::runner	INFO	Running command: "C:\\Program Files\\Mozilla Firefox\\firefox.exe" "--marionette" "-private" "-foreground" "-no-remote" "-profile" "C:\\Users\\Chris\\AppData\\Local\\Temp\\rust_mozprofileD19ioK"
console.warn: SearchSettings: "get: No settings file exists, new profile?" (new Error("", "(unknown module)"))
JavaScript error: resource://gre/modules/XULStore.jsm, line 66: Error: Can't find profile directory.
1616099670921	Marionette	INFO	Listening on port 55577
1616099671170	Marionette	WARN	TLS certificate errors will be ignored for this session
JavaScript error: , line 0: NotFoundError: No such JSWindowActor 'MarionetteEvents'
JavaScript error: , line 0: NotFoundError: No such JSWindowActor 'MarionetteEvents'
JavaScript error: , line 0: uncaught exception: undefined
1616099705434	Marionette	INFO	Stopped listening on port 55577

###!!! [Child][RunMessage] Error: Channel closing: too late to send/recv, messages will be lost

"--marionette" "-private" "-foreground" "-no-remote" "-profile" "C:\\Users\\Chris\\AppData\\Local\\Temp\\rust_mozprofiledLIUxv"
console.warn: SearchSettings: "get: No settings file exists, new profile?" (new Error("", "(unknown module)"))
JavaScript error: resource://gre/modules/XULStore.jsm, line 66: Error: Can't find profile directory.
1616099705243	Marionette	INFO	Listening on port 55692
1616099705413	Marionette	WARN	TLS certificate errors will be ignored for this session
JavaScript error: , line 0: NotFoundError: No such JSWindowActor 'MarionetteEvents'
JavaScript error: , line 0: uncaught exception: undefined
1616099723307	Marionette	INFO	Stopped listening on port 55692

###!!! [Child][RunMessage] Error: Channel closing: too late to send/recv, messages will be lost

"--marionette" "-private" "-foreground" "-no-remote" "-profile" "C:\\Users\\Chris\\AppData\\Local\\Temp\\rust_mozprofilecUCpLw"
console.warn: SearchSettings: "get: No settings file exists, new profile?" (new Error("", "(unknown module)"))
JavaScript error: resource://gre/modules/XULStore.jsm, line 66: Error: Can't find profile directory.
1616099725629	Marionette	INFO	Listening on port 55808
1616099725893	Marionette	WARN	TLS certificate errors will be ignored for this session
JavaScript error: https://widget.freshworks.com/widgetBase/widget.js, line 1: Error: Loading chunk 1 failed.
(error: https://widget.freshworks.com/widgetBase/1.8bd0d39ed40ee0109589.widget.js)
JavaScript error: https://widget.freshworks.com/widgetBase/widget.js, line 1: Error: Loading chunk 16 failed.
(error: https://widget.freshworks.com/widgetBase/16.7514a03efa63da04b832.widget.js)
1616099729676	Marionette	WARN	Ignoring event 'pageshow' because document has an invalid readyState of 'uninitialized'.
JavaScript error: , line 0: uncaught exception: undefined
1616099739299	Marionette	INFO	Stopped listening on port 55808

###!!! [Child][RunMessage] Error: Channel closing: too late to send/recv, messages will be lost

1616099938783	geckodriver	INFO	Listening on 127.0.0.1:55931
1616099941842	mozrunner::runner	INFO	Running command: "C:\\Program Files\\Mozilla Firefox\\firefox.exe" "--marionette" "-private" "-foreground" "-no-remote" "-profile" "C:\\Users\\Chris\\AppData\\Local\\Temp\\rust_mozprofileqXltq5"
console.warn: SearchSettings: "get: No settings file exists, new profile?" (new Error("", "(unknown module)"))
JavaScript error: resource://gre/modules/XULStore.jsm, line 66: Error: Can't find profile directory.
1616099945768	Marionette	INFO	Listening on port 55939
1616099946070	Marionette	WARN	TLS certificate errors will be ignored for this session
1616099950328	Marionette	WARN	Ignoring event 'pageshow' because document has an invalid readyState of 'uninitialized'.
JavaScript error: , line 0: NotFoundError: No such JSWindowActor 'MarionetteEvents'
JavaScript error: , line 0: uncaught exception: undefined
1616099959448	Marionette	INFO	Stopped listening on port 55939

###!!! [Child][RunMessage] Error: Channel closing: too late to send/recv, messages will be lost

1616099968431	geckodriver	INFO	Listening on 127.0.0.1:56044
1616099971482	mozrunner::runner	INFO	Running command: "C:\\Program Files\\Mozilla Firefox\\firefox.exe" "--marionette" "-private" "-foreground" "-no-remote" "-profile" "C:\\Users\\Chris\\AppData\\Local\\Temp\\rust_mozprofileFuhg7Z"
console.warn: SearchSettings: "get: No settings file exists, new profile?" (new Error("", "(unknown module)"))
JavaScript error: resource://gre/modules/XULStore.jsm, line 66: Error: Can't find profile directory.
1616099975050	Marionette	INFO	Listening on port 56054
1616099975239	Marionette	WARN	TLS certificate errors will be ignored for this session
JavaScript error: , line 0: uncaught exception: undefined
1616100025248	Marionette	INFO	Stopped listening on port 56054

###!!! [Child][RunMessage] Error: Channel closing: too late to send/recv, messages will be lost

"--marionette" "-private" "-foreground" "-no-remote" "-profile" "C:\\Users\\Chris\\AppData\\Local\\Temp\\rust_mozprofilen9ffC0"
console.warn: SearchSettings: "get: No settings file exists, new profile?" (new Error("", "(unknown module)"))
JavaScript error: resource://gre/modules/XULStore.jsm, line 66: Error: Can't find profile directory.
1616100026045	Marionette	INFO	Listening on port 56167
1616100026325	Marionette	WARN	TLS certificate errors will be ignored for this session
JavaScript error: , line 0: uncaught exception: undefined
1616100288661	Marionette	INFO	Stopped listening on port 56167

###!!! [Child][RunMessage] Error: Channel closing: too late to send/recv, messages will be lost

"--marionette" "-private" "-foreground" "-no-remote" "-profile" "C:\\Users\\Chris\\AppData\\Local\\Temp\\rust_mozprofile8KdrLj"
console.warn: SearchSettings: "get: No settings file exists, new profile?" (new Error("", "(unknown module)"))
JavaScript error: resource://gre/modules/XULStore.jsm, line 66: Error: Can't find profile directory.
1616100290930	Marionette	INFO	Listening on port 56373
1616100291262	Marionette	WARN	TLS certificate errors will be ignored for this session
JavaScript error: https://a.pub.network/pro-football-reference/pubfig.min.js, line 1: SyntaxError: JSON.parse: unexpected end of data at line 1 column 1 of the JSON data
JavaScript error: , line 0: uncaught exception: undefined
1616100305268	Marionette	INFO	Stopped listening on port 56373

###!!! [Child][RunMessage] Error: Channel closing: too late to send/recv, messages will be lost

1616100516890	geckodriver	INFO	Listening on 127.0.0.1:56495
1616100519949	mozrunner::runner	INFO	Running command: "C:\\Program Files\\Mozilla Firefox\\firefox.exe" "--marionette" "-private" "-foreground" "-no-remote" "-profile" "C:\\Users\\Chris\\AppData\\Local\\Temp\\rust_mozprofile831Vqm"
console.warn: SearchSettings: "get: No settings file exists, new profile?" (new Error("", "(unknown module)"))
JavaScript error: resource://gre/modules/XULStore.jsm, line 66: Error: Can't find profile directory.
1616100523565	Marionette	INFO	Listening on port 56503
1616100523742	Marionette	WARN	TLS certificate errors will be ignored for this session
1616100526768	Marionette	WARN	Ignoring event 'pageshow' because document has an invalid readyState of 'uninitialized'.
JavaScript error: , line 0: uncaught exception: undefined
1616100602578	Marionette	INFO	Stopped listening on port 56503

###!!! [Child][RunMessage] Error: Channel closing: too late to send/recv, messages will be lost

ile" "C:\\Users\\Chris\\AppData\\Local\\Temp\\rust_mozprofilePhQYzu"
console.warn: SearchSettings: "get: No settings file exists, new profile?" (new Error("", "(unknown module)"))
JavaScript error: resource://gre/modules/XULStore.jsm, line 66: Error: Can't find profile directory.
1616100534046	Marionette	INFO	Listening on port 56609
1616100534140	Marionette	WARN	TLS certificate errors will be ignored for this session
1616100597941	Marionette	INFO	Stopped listening on port 56609

###!!! [Child][RunMessage] Error: Channel closing: too late to send/recv, messages will be lost

1616100733847	geckodriver	INFO	Listening on 127.0.0.1:56688
1616100736872	mozrunner::runner	INFO	Running command: "C:\\Program Files\\Mozilla Firefox\\firefox.exe" "--marionette" "-private" "-foreground" "-no-remote" "-profile" "C:\\Users\\Chris\\AppData\\Local\\Temp\\rust_mozprofileeJJwcy"
console.warn: SearchSettings: "get: No settings file exists, new profile?" (new Error("", "(unknown module)"))
JavaScript error: resource://gre/modules/XULStore.jsm, line 66: Error: Can't find profile directory.
1616100740575	Marionette	INFO	Listening on port 56696
1616100741101	Marionette	WARN	TLS certificate errors will be ignored for this session
JavaScript error: , line 0: uncaught exception: undefined
1616101727094	Marionette	INFO	Stopped listening on port 56696

###!!! [Child][RunMessage] Error: Channel closing: too late to send/recv, messages will be lost

"--marionette" "-private" "-foreground" "-no-remote" "-profile" "C:\\Users\\Chris\\AppData\\Local\\Temp\\rust_mozprofile4NBc1M"
console.warn: SearchSettings: "get: No settings file exists, new profile?" (new Error("", "(unknown module)"))
JavaScript error: resource://gre/modules/XULStore.jsm, line 66: Error: Can't find profile directory.
1616100874095	Marionette	INFO	Listening on port 56832
1616100874427	Marionette	WARN	TLS certificate errors will be ignored for this session
JavaScript error: , line 0: NotFoundError: No such JSWindowActor 'MarionetteEvents'
JavaScript error: , line 0: uncaught exception: undefined
1616100926995	Marionette	INFO	Stopped listening on port 56832

###!!! [Child][RunMessage] Error: Channel closing: too late to send/recv, messages will be lost

1616101039928	geckodriver	INFO	Listening on 127.0.0.1:56964
1616101042985	mozrunner::runner	INFO	Running command: "C:\\Program Files\\Mozilla Firefox\\firefox.exe" "--marionette" "-private" "-foreground" "-no-remote" "-profile" "C:\\Users\\Chris\\AppData\\Local\\Temp\\rust_mozprofiler9Huoh"
console.warn: SearchSettings: "get: No settings file exists, new profile?" (new Error("", "(unknown module)"))
JavaScript error: resource://gre/modules/XULStore.jsm, line 66: Error: Can't find profile directory.
1616101046745	Marionette	INFO	Listening on port 56972
1616101047220	Marionette	WARN	TLS certificate errors will be ignored for this session
1616101051817	Marionette	WARN	Ignoring event 'pageshow' because document has an invalid readyState of 'uninitialized'.
JavaScript error: , line 0: uncaught exception: undefined
1616101086910	Marionette	INFO	Stopped listening on port 56971616101087828	mozrunner::runner	INFO	Running command: "C:\\Program Files\\Mozilla Firefox\\firefox.exe" "--marionette" "-private" "-foreground" "-no-remote" "-profile" "C:\\Users\\Chris\\AppData\\Local\\Temp\\rust_mozprofileSMHQAt"
console.warn: SearchSettings: "get: No settings file exists, new profile?" (new Error("", "(unknown module)"))
JavaScript error: resource://gre/modules/XULStore.jsm, line 66: Error: Can't find profile directory.
1616101091281	Marionette	INFO	Listening on port 57088
1616101091553	Marionette	WARN	TLS certificate errors will be ignored for this session
JavaScript error: , line 0: uncaught exception: undefined
1616101727873	Marionette	INFO	Stopped listening on port 57088

###!!! [Child][RunMessage] Error: Channel closing: too late to send/recv, messages will be lost

"--marionette" "-private" "-foreground" "-no-remote" "-profile" "C:\\Users\\Chris\\AppData\\Local\\Temp\\rust_mozprofileTrsirD"
console.warn: SearchSettings: "get: No settings file exists, new profile?" (new Error("", "(unknown module)"))
JavaScript error: resource://gre/modules/XULStore.jsm, line 66: Error: Can't find profile directory.
1616101308074	Marionette	INFO	Listening on port 57277
1616101308469	Marionette	WARN	TLS certificate errors will be ignored for this session
1616101312200	Marionette	WARN	Ignoring event 'pageshow' because document has an invalid readyState of 'uninitialized'.
JavaScript error: , line 0: uncaught exception: undefined
1616101370309	Marionette	INFO	Stopped listening on port 57277

###!!! [Child][RunMessage] Error: Channel closing: too late to send/recv, messages will be lost

1616101456597	geckodriver	INFO	Listening on 127.0.0.1:57404
1616101459658	mozrunner::runner	INFO	Running command: "C:\\Program Files\\Mozilla Firefox\\firefox.exe" "--marionette" "-private" "-foreground" "-no-remote" "-profile" "C:\\Users\\Chris\\AppData\\Local\\Temp\\rust_mozprofilegpK0iB"
console.warn: SearchSettings: "get: No settings file exists, new profile?" (new Error("", "(unknown module)"))
JavaScript error: resource://gre/modules/XULStore.jsm, line 66: Error: Can't find profile directory.
1616101463199	Marionette	INFO	Listening on port 57412
1616101463372	Marionette	WARN	TLS certificate errors will be ignored for this session
1616101482579	Marionette	INFO	Stopped listening on port 57411616101483875	mozrunner::runner	INFO	Running command: "C:\\Program Files\\Mozilla Firefox\\firefox.exe" "--marionette" "-private" "-foreground" "-no-remote" "-profile" "C:\\Users\\Chris\\AppData\\Local\\Temp\\rust_mozprofileguXJyo"
console.warn: SearchSettings: "get: No settings file exists, new profile?" (new Error("", "(unknown module)"))
JavaScript error: resource://gre/modules/XULStore.jsm, line 66: Error: Can't find profile directory.
1616101487288	Marionette	INFO	Listening on port 57540
1616101487587	Marionette	WARN	TLS certificate errors will be ignored for this session
1616101490628	Marionette	WARN	Ignoring event 'DOMContentLoaded' because document has an invalid readyState of 'complete'.
JavaScript error: https://widget.freshworks.com/widgetBase/widget.js, line 1: Error: Loading chunk 10 failed.
(error: https://widget.freshworks.com/widgetBase/10.2e5460d4c197a23f9b8f.widget.js)
JavaScript error: https://widget.freshworks.com/widgetBase/widget.js, line 1: Error: Loading chunk 8 failed.
(error: https://widget.freshworks.com/widgetBase/8.391e72735dac0c934b81.widget.js)
1616101491463	Marionette	WARN	Ignoring event 'pageshow' because document has an invalid readyState of 'uninitialized'.
JavaScript error: , line 0: uncaught exception: undefined
1616101513708	Marionette	INFO	Stopped listening on port 57540

###!!! [Child][RunMessage] Error: Channel closing: too late to send/recv, messages will be lost

1616101723047	geckodriver	INFO	Listening on 127.0.0.1:57691
1616101726138	mozrunner::runner	INFO	Running command: "C:\\Program Files\\Mozilla Firefox\\firefox.exe" "--marionette" "-private" "-foreground" "-no-remote" "-profile" "C:\\Users\\Chris\\AppData\\Local\\Temp\\rust_mozprofileZWowML"
console.warn: SearchSettings: "get: No settings file exists, new profile?" (new Error("", "(unknown module)"))
JavaScript error: resource://gre/modules/XULStore.jsm, line 66: Error: Can't find profile directory.
1616101730024	Marionette	INFO	Listening on port 57699
1616101730376	Marionette	WARN	TLS certificate errors will be ignored for this session
JavaScript error: , line 0: uncaught exception: undefined
1616101807381	Marionette	INFO	Stopped listening on port 57699

###!!! [Child][RunMessage] Error: Channel closing: too late to send/recv, messages will be lost

"--marionette" "-private" "-foreground" "-no-remote" "-profile" "C:\\Users\\Chris\\AppData\\Local\\Temp\\rust_mozprofile6QPu8u"
console.warn: SearchSettings: "get: No settings file exists, new profile?" (new Error("", "(unknown module)"))
JavaScript error: resource://gre/modules/XULStore.jsm, line 66: Error: Can't find profile directory.
1616101809583	Marionette	INFO	Listening on port 57815
1616101810056	Marionette	WARN	TLS certificate errors will be ignored for this session
1616101814066	Marionette	WARN	Ignoring event 'pageshow' because document has an invalid readyState of 'uninitialized'.
JavaScript error: , line 0: uncaught exception: undefined
1616101839923	Marionette	INFO	Stopped listening on port 57815

###!!! [Child][RunMessage] Error: Channel closing: too late to send/recv, messages will be lost

"--marionette" "-private" "-foreground" "-no-remote" "-profile" "C:\\Users\\Chris\\AppData\\Local\\Temp\\rust_mozprofiles753ao"
console.warn: SearchSettings: "get: No settings file exists, new profile?" (new Error("", "(unknown module)"))
JavaScript error: resource://gre/modules/XULStore.jsm, line 66: Error: Can't find profile directory.
1616101839874	Marionette	INFO	Listening on port 57930
1616101839959	Marionette	WARN	TLS certificate errors will be ignored for this session
1616101842649	Marionette	WARN	Ignoring event 'DOMContentLoaded' because document has an invalid readyState of 'complete'.
JavaScript error: https://widget.freshworks.com/widgetBase/widget.js, line 1: Error: Loading chunk 0 failed.
(error: https://widget.freshworks.com/widgetBase/0.96c1c69b8724e56254b8.widget.js)
JavaScript error: https://widget.freshworks.com/widgetBase/widget.js, line 1: Error: Loading chunk 0 failed.
(error: https://widget.freshworks.com/widgetBase/0.96c1c69b8724e56254b8.widget.js)
JavaScript error: , line 0: uncaught exception: undefined
1616101857176	Marionette	INFO	Stopped listening on port 57930

###!!! [Child][RunMessage] Error: Channel closing: too late to send/recv, messages will be lost

1616101974935	geckodriver	INFO	Listening on 127.0.0.1:58079
1616101977986	mozrunner::runner	INFO	Running command: "C:\\Program Files\\Mozilla Firefox\\firefox.exe" "--marionette" "-private" "-foreground" "-no-remote" "-profile" "C:\\Users\\Chris\\AppData\\Local\\Temp\\rust_mozprofilePwu3jM"
console.warn: SearchSettings: "get: No settings file exists, new profile?" (new Error("", "(unknown module)"))
JavaScript error: resource://gre/modules/XULStore.jsm, line 66: Error: Can't find profile directory.
1616101980602	Marionette	INFO	Listening on port 58087
1616101980763	Marionette	WARN	TLS certificate errors will be ignored for this session
1616101984395	Marionette	WARN	Ignoring event 'pageshow' because document has an invalid readyState of 'uninitialized'.
JavaScript error: , line 0: uncaught exception: undefined
1616102026792	Marionette	INFO	Stopped listening on port 58087

###!!! [Child][RunMessage] Error: Channel closing: too late to send/recv, messages will be lost

"--marionette" "-private" "-foreground" "-no-remote" "-profile" "C:\\Users\\Chris\\AppData\\Local\\Temp\\rust_mozprofileGfrWRo"
console.warn: SearchSettings: "get: No settings file exists, new profile?" (new Error("", "(unknown module)"))
JavaScript error: resource://gre/modules/XULStore.jsm, line 66: Error: Can't find profile directory.
1616102026268	Marionette	INFO	Listening on port 58208
1616102026610	Marionette	WARN	TLS certificate errors will be ignored for this session
1616102030477	Marionette	WARN	Ignoring event 'pageshow' because document has an invalid readyState of 'uninitialized'.
JavaScript error: , line 0: uncaught exception: undefined
1616102069405	Marionette	INFO	Stopped listening on port 58208

###!!! [Child][RunMessage] Error: Channel closing: too late to send/recv, messages will be lost

1616102290647	geckodriver	INFO	Listening on 127.0.0.1:58415
1616102293677	mozrunner::runner	INFO	Running command: "C:\\Program Files\\Mozilla Firefox\\firefox.exe" "--marionette" "-private" "-foreground" "-no-remote" "-profile" "C:\\Users\\Chris\\AppData\\Local\\Temp\\rust_mozprofileCR6pNJ"
console.warn: SearchSettings: "get: No settings file exists, new profile?" (new Error("", "(unknown module)"))
JavaScript error: resource://gre/modules/XULStore.jsm, line 66: Error: Can't find profile directory.
1616102297336	Marionette	INFO	Listening on port 58423
1616102297397	Marionette	WARN	TLS certificate errors will be ignored for this session
JavaScript error: https://widget.freshworks.com/widgetBase/widget.js, line 1: Error: Loading chunk 10 failed.
(error: https://widget.freshworks.com/widgetBase/10.2e5460d4c197a23f9b8f.widget.js)
JavaScript error: https://widget.freshworks.com/widgetBase/widget.js, line 1: Error: Loading chunk 1 failed.
(error: https://widget.freshworks.com/widgetBase/1.8bd0d39ed40ee0109589.widget.js)
1616102303101	Marionette	WARN	Ignoring event 'pageshow' because document has an invalid readyState of 'uninitialized'.
JavaScript error: , line 0: uncaught exception: undefined
1616102343345	Marionette	INFO	Stopped listening on port 58423

###!!! [Child][RunMessage] Error: Channel closing: too late to send/recv, messages will be lost

1616102374098	geckodriver	INFO	Listening on 127.0.0.1:58550
1616102377166	mozrunner::runner	INFO	Running command: "C:\\Program Files\\Mozilla Firefox\\firefox.exe" "--marionette" "-private" "-foreground" "-no-remote" "-profile" "C:\\Users\\Chris\\AppData\\Local\\Temp\\rust_mozprofilex8F5ac"
console.warn: SearchSettings: "get: No settings file exists, new profile?" (new Error("", "(unknown module)"))
JavaScript error: resource://gre/modules/XULStore.jsm, line 66: Error: Can't find profile directory.
1616102380543	Marionette	INFO	Listening on port 58558
1616102380895	Marionette	WARN	TLS certificate errors will be ignored for this session
JavaScript error: , line 0: uncaught exception: undefined
1616102414808	Marionette	INFO	Stopped listening on port 58558

###!!! [Child][RunMessage] Error: Channel closing: too late to send/recv, messages will be lost

1616102563985	geckodriver	INFO	Listening on 127.0.0.1:58694
1616102567035	mozrunner::runner	INFO	Running command: "C:\\Program Files\\Mozilla Firefox\\firefox.exe" "--marionette" "-private" "-foreground" "-no-remote" "-profile" "C:\\Users\\Chris\\AppData\\Local\\Temp\\rust_mozprofilesCj2vy"
console.warn: SearchSettings: "get: No settings file exists, new profile?" (new Error("", "(unknown module)"))
JavaScript error: resource://gre/modules/XULStore.jsm, line 66: Error: Can't find profile directory.
1616102570656	Marionette	INFO	Listening on port 58702
1616102570772	Marionette	WARN	TLS certificate errors will be ignored for this session
JavaScript error: resource://gre/modules/XULStore.jsm, line 66: Error: Can't find profile directory.
SourceActor threw an exception: [Exception... "Component returned failure code: 0x80470002 (NS_BASE_STREAM_CLOSED) [nsIInputStream.available]"  nsresult: "0x80470002 (NS_BASE_STREAM_CLOSED)"  location: "JS frame :: resource://devtools/shared/DevToolsUtils.js :: onResponse :: line 567"  data: no]
Stack: onResponse@resource://devtools/shared/DevToolsUtils.js:567:34
onStopRequest@resource://gre/modules/NetUtil.jsm:128:18
Line: 567, column: 0
console.error: ({})
JavaScript error: resource://devtools/shared/DevToolsUtils.js, line 567: NS_BASE_STREAM_CLOSED: Component returned failure code: 0x80470002 (NS_BASE_STREAM_CLOSED) [nsIInputStream.available]
SourceActor threw an exception: [Exception... "Component returned failure code: 0x80470002 (NS_BASE_STREAM_CLOSED) [nsIInputStream.available]"  nsresult: "0x80470002 (NS_BASE_STREAM_CLOSED)"  location: "JS frame :: resource://devtools/shared/DevToolsUtils.js :: onResponse :: line 567"  data: no]
Stack: onResponse@resource://devtools/shared/DevToolsUtils.js:567:34
onStopRequest@resource://gre/modules/NetUtil.jsm:128:18
Line: 567, column: 0
console.error: ({})
JavaScript error: resource://devtools/shared/DevToolsUtils.js, line 567: NS_BASE_STREAM_CLOSED: Component returned failure code: 0x80470002 (NS_BASE_STREAM_CLOSED) [nsIInputStream.available]
SourceActor threw an exception: [Exception... "Component returned failure code: 0x80470002 (NS_BASE_STREAM_CLOSED) [nsIInputStream.available]"  nsresult: "0x80470002 (NS_BASE_STREAM_CLOSED)"  location: "JS frame :: resource://devtools/shared/DevToolsUtils.js :: onResponse :: line 567"  data: no]
Stack: onResponse@resource://devtools/shared/DevToolsUtils.js:567:34
onStopRequest@resource://gre/modules/NetUtil.jsm:128:18
Line: 567, column: 0
console.error: ({})
JavaScript error: resource://devtools/shared/DevToolsUtils.js, line 567: NS_BASE_STREAM_CLOSED: Component returned failure code: 0x80470002 (NS_BASE_STREAM_CLOSED) [nsIInputStream.available]
SourceActor threw an exception: [Exception... "Component returned failure code: 0x80470002 (NS_BASE_STREAM_CLOSED) [nsIInputStream.available]"  nsresult: "0x80470002 (NS_BASE_STREAM_CLOSED)"  location: "JS frame :: resource://devtools/shared/DevToolsUtils.js :: onResponse :: line 567"  data: no]
Stack: onResponse@resource://devtools/shared/DevToolsUtils.js:567:34
onStopRequest@resource://gre/modules/NetUtil.jsm:128:18
Line: 567, column: 0
console.error: ({})
JavaScript error: resource://devtools/shared/DevToolsUtils.js, line 567: NS_BASE_STREAM_CLOSED: Component returned failure code: 0x80470002 (NS_BASE_STREAM_CLOSED) [nsIInputStream.available]
SourceActor threw an exception: [Exception... "Component returned failure code: 0x80470002 (NS_BASE_STREAM_CLOSED) [nsIInputStream.available]"  nsresult: "0x80470002 (NS_BASE_STREAM_CLOSED)"  location: "JS frame :: resource://devtools/shared/DevToolsUtils.js :: onResponse :: line 567"  data: no]
Stack: onResponse@resource://devtools/shared/DevToolsUtils.js:567:34
onStopRequest@resource://gre/modules/NetUtil.jsm:128:18
Line: 567, column: 0
console.error: ({})
JavaScript error: resource://devtools/shared/DevToolsUtils.js, line 567: NS_BASE_STREAM_CLOSED: Component returned failure code: 0x80470002 (NS_BASE_STREAM_CLOSED) [nsIInputStream.available]

###!!! [Parent][MessageChannel] Error: (msgtype=0x1F0011,name=PBackgroundStorage::Msg_Observe) Channel error: cannot send/recv


###!!! [Parent][MessageChannel] Error: (msgtype=0x1F0011,name=PBackgroundStorage::Msg_Observe) Channel error: cannot send/recv


###!!! [Child][RunMessage] Error: Channel closing: too late to send/recv, messages will be lost


###!!! [Child][RunMessage] Error: Channel closing: too late to send/recv, messages will be lost


###!!! [Child][RunMessage] Error: Chan1616102717275	Marionette	INFO	Listening on port 59175
1616102717801	Marionette	WARN	TLS certificate errors will be ignored for this session
1616102721898	Marionette	WARN	Ignoring event 'pageshow' because document has an invalid readyState of 'uninitialized'.
JavaScript error: , line 0: uncaught exception: undefined
1616102732045	Marionette	INFO	Stopped listening on port 59175

###!!! [Child][RunMessage] Error: Channel closing: too late to send/recv, messages will be lost

1616102738981	geckodriver	INFO	Listening on 127.0.0.1:59290
1616102742049	mozrunner::runner	INFO	Running command: "C:\\Program Files\\Mozilla Firefox\\firefox.exe" "--marionette" "-private" "-foreground" "-no-remote" "-profile" "C:\\Users\\Chris\\AppData\\Local\\Temp\\rust_mozprofileJpihPS"
console.warn: SearchSettings: "get: No settings file exists, new profile?" (new Error("", "(unknown module)"))
JavaScript error: resource://gre/modules/XULStore.jsm, line 66: Error: Can't find profile directory.
1616102745499	Marionette	INFO	Listening on port 59298
1616102745741	Marionette	WARN	TLS certificate errors will be ignored for this session
1616102756385	Marionette	INFO	Stopped listening on port 59298
1616102837251	geckodriver	INFO	Listening on 127.0.0.1:59570
1616102840295	mozrunner::runner	INFO	Running command: "C:\\Program Files\\Mozilla Firefox\\firefox.exe" "--marionette" "-private" "-foreground" "-no-remote" "-profile" "C:\\Users\\Chris\\AppData\\Local\\Temp\\rust_mozprofileRzCcoD"
console.warn: SearchSettings: "get: No settings file exists, new profile?" (new Error("", "(unknown module)"))
JavaScript error: resource://gre/modules/XULStore.jsm, line 66: Error: Can't find profile directory.
1616102843752	Marionette	INFO	Listening on port 59578
1616102843997	Marionette	WARN	TLS certificate errors will be ignored for this session
JavaScript error: https://widget.freshworks.com/widgetBase/widget.js, line 1: Error: Loading chunk 8 failed.
(error: https://widget.freshworks.com/widgetBase/8.391e72735dac0c934b81.widget.js)
JavaScript error: https://widget.freshworks.com/widgetBase/widget.js, line 1: Error: Loading chunk 10 failed.
(error: https://widget.freshworks.com/widgetBase/10.2e5460d4c197a23f9b8f.widget.js)
JavaScript error: resource://gre/modules/XULStore.jsm, line 66: Error: Can't find profile directory.
1616102872462	Marionette	INFO	Stopped listening on port 59571616102872750	mozrunner::runner	INFO	Running command: "C:\\Program Files\\Mozilla Firefox\\firefox.exe" "--marionette" "-private" "-foreground" "-no-remote" "-profile" "C:\\Users\\Chris\\AppData\\Local\\Temp\\rust_mozprofileyoYZ6l"
console.warn: SearchSettings: "get: No settings file exists, new profile?" (new Error("", "(unknown module)"))
JavaScript error: resource://gre/modules/XULStore.jsm, line 66: Error: Can't find profile directory.
1616102875964	Marionette	INFO	Listening on port 59998
1616102876425	Marionette	WARN	TLS certificate errors will be ignored for this session
1616102880617	Marionette	WARN	Ignoring event 'pageshow' because document has an invalid readyState of 'uninitialized'.
JavaScript error: , line 0: uncaught exception: undefined
1616102887602	Marionette	INFO	Stopped listening on port 59991616102889381	mozrunner::runner	INFO	Running command: "C:\\Program Files\\Mozilla Firefox\\firefox.exe" "--marionette" "-private" "-foreground" "-no-remote" "-profile" "C:\\Users\\Chris\\AppData\\Local\\Temp\\rust_mozprofileqbszaG"
console.warn: SearchSettings: "get: No settings file exists, new profile?" (new Error("", "(unknown module)"))
JavaScript error: resource://gre/modules/XULStore.jsm, line 66: Error: Can't find profile directory.
1616102893163	Marionette	INFO	Listening on port 60116
1616102893582	Marionette	WARN	TLS certificate errors will be ignored for this session
1616102897405	Marionette	WARN	Ignoring event 'pageshow' because document has an invalid readyState of 'uninitialized'.
JavaScript error: , line 0: uncaught exception: undefined
1616102933836	Marionette	INFO	Stopped listening on port 60116

###!!! [Child][RunMessage] Error: Channel closing: too late to send/recv, messages will be lost

"--marionette" "-private" "-foreground" "-no-remote" "-profile" "C:\\Users\\Chris\\AppData\\Local\\Temp\\rust_mozprofileLCJAVp"
console.warn: SearchSettings: "get: No settings file exists, new profile?" (new Error("", "(unknown module)"))
JavaScript error: resource://gre/modules/XULStore.jsm, line 66: Error: Can't find profile directory.
1616102937214	Marionette	INFO	Listening on port 60238
1616102937348	Marionette	WARN	TLS certificate errors will be ignored for this session
1616102940721	Marionette	WARN	Ignoring event 'DOMContentLoaded' because document has an invalid readyState of 'complete'.
JavaScript error: https://widget.freshworks.com/widgetBase/widget.js, line 1: Error: Loading chunk 0 failed.
(error: https://widget.freshworks.com/widgetBase/0.96c1c69b8724e56254b8.widget.js)
JavaScript error: https://widget.freshworks.com/widgetBase/widget.js, line 1: Error: Loading chunk 0 failed.
(error: https://widget.freshworks.com/widgetBase/0.96c1c69b8724e56254b8.widget.js)
1616102941634	Marionette	WARN	Ignoring event 'pageshow' because document has an invalid readyState of 'uninitialized'.
JavaScript error: , line 0: NotFoundError: No such JSWindowActor 'MarionetteEvents'
JavaScript error: , line 0: uncaught exception: undefined
1616102952045	Marionette	INFO	Stopped listening on port 60231616102953602	mozrunner::runner	INFO	Running command: "C:\\Program Files\\Mozilla Firefox\\firefox.exe" "--marionette" "-private" "-foreground" "-no-remote" "-profile" "C:\\Users\\Chris\\AppData\\Local\\Temp\\rust_mozprofileXh6ZvY"
console.warn: SearchSettings: "get: No settings file exists, new profile?" (new Error("", "(unknown module)"))
JavaScript error: resource://gre/modules/XULStore.jsm, line 66: Error: Can't find profile directory.
1616102957020	Marionette	INFO	Listening on port 60354
1616102957306	Marionette	WARN	TLS certificate errors will be ignored for this session
1616102961932	Marionette	WARN	Ignoring event 'pageshow' because document has an invalid readyState of 'uninitialized'.
JavaScript error: , line 0: uncaught exception: undefined
1616102973718	Marionette	INFO	Stopped listening on port 60354

###!!! [Child][RunMessage] Error: Channel closing: too late to send/recv, messages will be lost

1616102989952	geckodriver	INFO	Listening on 127.0.0.1:60463
1616102992997	mozrunner::runner	INFO	Running command: "C:\\Program Files\\Mozilla Firefox\\firefox.exe" "--marionette" "-private" "-foreground" "-no-remote" "-profile" "C:\\Users\\Chris\\AppData\\Local\\Temp\\rust_mozprofileEhcXPz"
console.warn: SearchSettings: "get: No settings file exists, new profile?" (new Error("", "(unknown module)"))
JavaScript error: resource://gre/modules/XULStore.jsm, line 66: Error: Can't find profile directory.
1616102996661	Marionette	INFO	Listening on port 60473
1616102996709	Marionette	WARN	TLS certificate errors will be ignored for this session
1616103001819	Marionette	WARN	Ignoring event 'pageshow' because document has an invalid readyState of 'uninitialized'.
JavaScript error: , line 0: uncaught exception: undefined
1616103122413	Marionette	INFO	Stopped listening on port 60473

###!!! [Child][RunMessage] Error: Channel closing: too late to send/recv, messages will be lost

"--marionette" "-private" "-foreground" "-no-remote" "-profile" "C:\\Users\\Chris\\AppData\\Local\\Temp\\rust_mozprofileRAPrXT"
console.warn: SearchSettings: "get: No settings file exists, new profile?" (new Error("", "(unknown module)"))
JavaScript error: resource://gre/modules/XULStore.jsm, line 66: Error: Can't find profile directory.
1616103072069	Marionette	INFO	Listening on port 60598
1616103072480	Marionette	WARN	TLS certificate errors will be ignored for this session
1616103076838	Marionette	WARN	Ignoring event 'pageshow' because document has an invalid readyState of 'uninitialized'.
JavaScript error: https://a.pub.network/pro-football-reference/pubfig.min.js, line 1: SyntaxError: JSON.parse: unexpected end of data at line 1 column 1 of the JSON data
JavaScript error: https://a.pub.network/pro-football-reference/pubfig.min.js, line 1: SyntaxError: JSON.parse: unexpected end of data at line 1 column 1 of the JSON data
1616103079718	Marionette	WARN	Ignoring event 'DOMContentLoaded' because document has an invalid readyState of 'complete'.
JavaScript error: https://a.pub.network/pro-football-reference/pubfig.min.js, line 1: SyntaxError: JSON.parse: unexpected end of data at line 1 column 1 of the JSON data
1616103080380	Marionette	WARN	Ignoring event 'DOMContentLoaded' because document has an invalid readyState of 'complete'.
JavaScript error: https://a.pub.network/pro-football-reference/pubfig.min.js, line 1: SyntaxError: JSON.parse: unexpected end of data at line 1 column 1 of the JSON data
JavaScript error: https://a.pub.network/pro-football-reference/pubfig.min.js, line 1: SyntaxError: JSON.parse: unexpected end of data at line 1 column 1 of the JSON data
JavaScript error: https://a.pub.network/pro-football-reference/pubfig.min.js, line 1: SyntaxError: JSON.parse: unexpected end of data at line 1 column 1 of the JSON data
JavaScript error: https://a.pub.network/pro-football-reference/pubfig.min.js, line 1: SyntaxError: JSON.parse: unexpected end of data at line 1 column 1 of the JSON data
JavaScript error: https://a.pub.network/pro-football-reference/pubfig.min.js, line 1: SyntaxError: JSON.parse: unexpected end of data at line 1 column 1 of the JSON data
1616103083958	Marionette	WARN	Ignoring event 'DOMContentLoaded' because document has an invalid readyState of 'complete'.
JavaScript error: https://a.pub.network/pro-football-reference/pubfig.min.js, line 1: SyntaxError: JSON.parse: unexpected end of data at line 1 column 1 of the JSON data
JavaScript error: https://a.pub.network/pro-football-reference/pubfig.min.js, line 1: SyntaxError: JSON.parse: unexpected end of data at line 1 column 1 of the JSON data
JavaScript error: https://a.pub.network/pro-football-reference/pubfig.min.js, line 1: SyntaxError: JSON.parse: unexpected end of data at line 1 column 1 of the JSON data
1616103086134	Marionette	WARN	Ignoring event 'DOMContentLoaded' because document has an invalid readyState of 'complete'.
JavaScript error: https://a.pub.network/pro-football-reference/pubfig.min.js, line 1: SyntaxError: JSON.parse: unexpected end of data at line 1 column 1 of the JSON data
JavaScript error: https://a.pub.network/pro-football-reference/pubfig.min.js, line 1: SyntaxError: JSON.parse: unexpected end of data at line 1 column 1 of the JSON data
JavaScript error: https://a.pub.network/pro-football-reference/pubfig.min.js, line 1: SyntaxError: JSON.parse: unexpected end of data at line 1 column 1 of the JSON data
JavaScript error: https://a.pub.network/pro-football-reference/pubfig.min.js, line 1: SyntaxError: JSON.parse: unexpected end of data at line 1 column 1 of the JSON data
JavaScript error: https://a.pub.network/pro-football-reference/pubfig.min.js, line 1: SyntaxError: JSON.parse: unexpected end of data at line 1 column 1 of the JSON data
JavaScript error: https://a.pub.network/pro-football-reference/pubfig.min.js, line 1: SyntaxError: JSON.parse: unexpected end of data at line 1 column 1 of the JSON data
1616103090421	Marionette	WARN	Ignoring event 'DOMContentLoaded' because document has an invalid readyState of 'complete'.
JavaScript error: https://a.pub.network/pro-football-reference/pubfig.min.js, line 1: SyntaxError: JSON.parse: unexpected end of data at line 1 column 1 of the JSON data
JavaScript error: https://a.pub.network/pro-football-reference/pubfig.min.js, line 1: SyntaxError: JSON.parse: unexpected end of data at line 1 column 1 of the JSON data
1616103092438	Marionette	WARN	Ignoring event 'DOMContentLoaded' because document has an invalid readyState of 'complete'.
JavaScript error: https://a.pub.network/pro-football-reference/pubfig.min.js, line 1: SyntaxError: JSON.parse: unexpected end of data at line 1 column 1 of the JSON data
JavaScript error: https://a.pub.network/pro-football-reference/pubfig.min.js, line 1: SyntaxError: JSON.parse: unexpected end of data at line 1 column 1 of the JSON data
JavaScript error: https://a.pub.network/pro-football-reference/pubfig.min.js, line 1: SyntaxError: JSON.parse: unexpected end of data at line 1 column 1 of the JSON data
JavaScript error: https://a.pub.network/pro-football-reference/pubfig.min.js, line 1: SyntaxError: JSON.parse: unexpected end of data at line 1 column 1 of the JSON data
JavaScript error: https://a.pub.network/pro-football-reference/pubfig.min.js, line 1: SyntaxError: JSON.parse: unexpected end of data at line 1 column 1 of the JSON data
JavaScript error: https://widget.freshworks.com/widgetBase/widget.js, line 38: TypeError: e is undefined
JavaScript error: https://a.pub.network/pro-football-reference/pubfig.min.js, line 1: SyntaxError: JSON.parse: unexpected end of data at line 1 column 1 of the JSON data
JavaScript error: https://widget.freshworks.com/widgetBase/widget.js, line 38: TypeError: e is undefined
JavaScript error: https://a.pub.network/pro-football-reference/pubfig.min.js, line 1: SyntaxError: JSON.parse: unexpected end of data at line 1 column 1 of the JSON data
JavaScript error: https://a.pub.network/pro-football-reference/pubfig.min.js, line 1: SyntaxError: JSON.parse: unexpected end of data at line 1 column 1 of the JSON data
JavaScript error: https://a.pub.network/pro-football-reference/pubfig.min.js, line 1: SyntaxError: JSON.parse: unexpected end of data at line 1 column 1 of the JSON data
JavaScript error: https://a.pub.network/pro-football-reference/pubfig.min.js, line 1: SyntaxError: JSON.parse: unexpected end of data at line 1 column 1 of the JSON data
1616103101305	Marionette	WARN	Ignoring event 'DOMContentLoaded' because document has an invalid readyState of 'complete'.
JavaScript error: https://a.pub.network/pro-football-reference/pubfig.min.js, line 1: SyntaxError: JSON.parse: unexpected end of data at line 1 column 1 of the JSON data
JavaScript error: , line 0: uncaught exception: undefined
1616103104595	Marionette	INFO	Stopped listening on port 60598

###!!! [Child][RunMessage] Error: Channel closing: too late to send/recv, messages will be lost

1616103114148	geckodriver	INFO	Listening on 127.0.0.1:60743
1616103117193	mozrunner::runner	INFO	Running command: "C:\\Program Files\\Mozilla Firefox\\firefox.exe" "--marionette" "-private" "-foreground" "-no-remote" "-profile" "C:\\Users\\Chris\\AppData\\Local\\Temp\\rust_mozprofileaAhDWX"
console.warn: SearchSettings: "get: No settings file exists, new profile?" (new Error("", "(unknown module)"))
JavaScript error: resource://gre/modules/XULStore.jsm, line 66: Error: Can't find profile directory.
1616103120712	Marionette	INFO	Listening on port 60751
1616103120904	Marionette	WARN	TLS certificate errors will be ignored for this session
1616103122706	geckodriver	INFO	Listening on 127.0.0.1:60814
1616103125739	mozrunner::runner	INFO	Running command: "C:\\Program Files\\Mozilla Firefox\\firefox.exe" "--marionette" "-private" "-foreground" "-no-remote" "-profile" "C:\\Users\\Chris\\AppData\\Local\\Temp\\rust_mozprofileLsHrjH"
console.warn: SearchSettings: "get: No settings file exists, new profile?" (new Error("", "(unknown module)"))
JavaScript error: resource://gre/modules/XULStore.jsm, line 66: Error: Can't find profile directory.
1616103128333	Marionette	INFO	Listening on port 60822
1616103128392	Marionette	WARN	TLS certificate errors will be ignored for this session
1616103130923	Marionette	INFO	Stopped listening on port 60822

###!!! [Child][RunMessage] Error: Channel closing: too late to send/recv, messages will be lost

1616103170762	geckodriver	INFO	Listening on 127.0.0.1:60899
1616103173824	mozrunner::runner	INFO	Running command: "C:\\Program Files\\Mozilla Firefox\\firefox.exe" "--marionette" "-private" "-foreground" "-no-remote" "-profile" "C:\\Users\\Chris\\AppData\\Local\\Temp\\rust_mozprofileuwgCeC"
console.warn: SearchSettings: "get: No settings file exists, new profile?" (new Error("", "(unknown module)"))
JavaScript error: resource://gre/modules/XULStore.jsm, line 66: Error: Can't find profile directory.
1616103177366	Marionette	INFO	Listening on port 60907
1616103177523	Marionette	WARN	TLS certificate errors will be ignored for this session
JavaScript error: https://a.pub.network/pro-football-reference/pubfig.min.js, line 1: SyntaxError: JSON.parse: unexpected end of data at line 1 column 1 of the JSON data
JavaScript error: https://a.pub.network/pro-football-reference/pubfig.min.js, line 1: SyntaxError: JSON.parse: unexpected end of data at line 1 column 1 of the JSON data
JavaScript error: https://a.pub.network/pro-football-reference/pubfig.min.js, line 1: SyntaxError: JSON.parse: unexpected end of data at line 1 column 1 of the JSON data
JavaScript error: https://a.pub.network/pro-football-reference/pubfig.min.js, line 1: SyntaxError: JSON.parse: unexpected end of data at line 1 column 1 of the JSON data
JavaScript error: https://a.pub.network/pro-football-reference/pubfig.min.js, line 1: SyntaxError: JSON.parse: unexpected end of data at line 1 column 1 of the JSON data
JavaScript error: https://a.pub.network/pro-football-reference/pubfig.min.js, line 1: SyntaxError: JSON.parse: unexpected end of data at line 1 column 1 of the JSON data
JavaScript error: https://a.pub.network/pro-football-reference/pubfig.min.js, line 1: SyntaxError: JSON.parse: unexpected end of data at line 1 column 1 of the JSON data
JavaScript error: https://a.pub.network/pro-football-reference/pubfig.min.js, line 1: SyntaxError: JSON.parse: unexpected end of data at line 1 column 1 of the JSON data
1616103198040	Marionette	WARN	Ignoring event 'DOMContentLoaded' because document has an invalid readyState of 'complete'.
1616103198041	Marionette	WARN	Ignoring event 'DOMContentLoaded' because document has an invalid readyState of 'complete'.
JavaScript error: https://a.pub.network/pro-football-reference/pubfig.min.js, line 1: SyntaxError: JSON.parse: unexpected end of data at line 1 column 1 of the JSON data
1616103198742	Marionette	WARN	Ignoring event 'DOMContentLoaded' because document has an invalid readyState of 'complete'.
JavaScript error: https://a.pub.network/pro-football-reference/pubfig.min.js, line 1: SyntaxError: JSON.parse: unexpected end of data at line 1 column 1 of the JSON data
JavaScript error: resource:///modules/FaviconLoader.jsm, line 596: InvalidStateError: JSWindowActorChild.sendAsyncMessage: JSWindowActorChild cannot send at the moment
JavaScript error: resource:///modules/FaviconLoader.jsm, line 596: InvalidStateError: JSWindowActorChild.sendAsyncMessage: JSWindowActorChild cannot send at the moment
JavaScript error: https://secure.quantserve.com/quant.js, line 2: NS_ERROR_UNEXPECTED: 
1616103199615	Marionette	INFO	Stopped listening on port 60907

###!!! [Child][RunMessage] Error: Channel closing: too late to send/recv, messages will be lost

